This is pdfTeX, Version 3.141592653-2.6-1.40.22 (TeX Live 2021) (preloaded format=pdflatex 2021.6.14)  28 FEB 2022 18:01
entering extended mode
 restricted \write18 enabled.
 file:line:error style messages enabled.
 %&-line parsing enabled.
**/Users/liufangzheng/Documents/Lab/Myweb/FZ-portfolio/docs/CV/sections/experience.tex
(/Users/liufangzheng/Documents/Lab/Myweb/FZ-portfolio/docs/CV/sections/experience.tex
LaTeX2e <2020-10-01> patch level 4
L3 programming layer <2021-02-18> (/usr/local/texlive/2021/texmf-dist/tex/latex/base/article.cls
Document Class: article 2020/04/10 v1.4m Standard LaTeX document class
(/usr/local/texlive/2021/texmf-dist/tex/latex/base/size10.clo
File: size10.clo 2020/04/10 v1.4m Standard LaTeX file (size option)
)
\c@part=\count179
\c@section=\count180
\c@subsection=\count181
\c@subsubsection=\count182
\c@paragraph=\count183
\c@subparagraph=\count184
\c@figure=\count185
\c@table=\count186
\abovecaptionskip=\skip47
\belowcaptionskip=\skip48
\bibindent=\dimen138
)

! LaTeX Error: File `TLCresume.sty' not found.

Type X to quit or <RETURN> to proceed,
or enter new name. (Default extension: sty)

Enter file name: 
/Users/liufangzheng/Documents/Lab/Myweb/FZ-portfolio/docs/CV/sections/experience.tex:3: Emergency stop.
<read *> 
         
l.3 \begin
          {document}^^M
*** (cannot \read from terminal in nonstop modes)

 
Here is how much of TeX's memory you used:
 220 strings out of 478994
 2823 string characters out of 5858184
 285650 words of memory out of 5000000
 17795 multiletter control sequences out of 15000+600000
 403430 words of font info for 27 fonts, out of 8000000 for 9000
 1141 hyphenation exceptions out of 8191
 44i,0n,50p,221b,36s stack positions out of 5000i,500n,10000p,200000b,80000s
/Users/liufangzheng/Documents/Lab/Myweb/FZ-portfolio/docs/CV/sections/experience.tex:3:  ==> Fatal error occurred, no output PDF file produced!
